Determining if the pthread_create exist failed with the following output:
Change Dir: /home/fatiao/src/github/libquark/tools/QEncrypt/3rdparty/googletest-release-1.6.0/build/CMakeFiles/CMakeTmp

Run Build Command:/usr/bin/gmake "cmTryCompileExec3663196651/fast"
/usr/bin/gmake -f CMakeFiles/cmTryCompileExec3663196651.dir/build.make CMakeFiles/cmTryCompileExec3663196651.dir/build
gmake[1]: Entering directory `/home/fatiao/src/github/libquark/tools/QEncrypt/3rdparty/googletest-release-1.6.0/build/CMakeFiles/CMakeTmp'
/usr/bin/cmake -E cmake_progress_report /home/fatiao/src/github/libquark/tools/QEncrypt/3rdparty/googletest-release-1.6.0/build/CMakeFiles/CMakeTmp/CMakeFiles 1
Building C object CMakeFiles/cmTryCompileExec3663196651.dir/CheckSymbolExists.c.o
/home/fatiao/bin/gcc-5.3/bin/gcc    -o CMakeFiles/cmTryCompileExec3663196651.dir/CheckSymbolExists.c.o   -c /home/fatiao/src/github/libquark/tools/QEncrypt/3rdparty/googletest-release-1.6.0/build/CMakeFiles/CMakeTmp/CheckSymbolExists.c
Linking C executable cmTryCompileExec3663196651
/usr/bin/cmake -E cmake_link_script CMakeFiles/cmTryCompileExec3663196651.dir/link.txt --verbose=1
/home/fatiao/bin/gcc-5.3/bin/gcc       CMakeFiles/cmTryCompileExec3663196651.dir/CheckSymbolExists.c.o  -o cmTryCompileExec3663196651 -rdynamic 
CMakeFiles/cmTryCompileExec3663196651.dir/CheckSymbolExists.c.o: In function `main':
CheckSymbolExists.c:(.text+0x16): undefined reference to `pthread_create'
collect2: error: ld returned 1 exit status
gmake[1]: Leaving directory `/home/fatiao/src/github/libquark/tools/QEncrypt/3rdparty/googletest-release-1.6.0/build/CMakeFiles/CMakeTmp'
gmake[1]: *** [cmTryCompileExec3663196651] Error 1
gmake: *** [cmTryCompileExec3663196651/fast] Error 2

File /home/fatiao/src/github/libquark/tools/QEncrypt/3rdparty/googletest-release-1.6.0/build/CMakeFiles/CMakeTmp/CheckSymbolExists.c:
/* */
#include <pthread.h>

int main(int argc, char** argv)
{
  (void)argv;
#ifndef pthread_create
  return ((int*)(&pthread_create))[argc];
#else
  (void)argc;
  return 0;
#endif
}

Determining if the function pthread_create exists in the pthreads failed with the following output:
Change Dir: /home/fatiao/src/github/libquark/tools/QEncrypt/3rdparty/googletest-release-1.6.0/build/CMakeFiles/CMakeTmp

Run Build Command:/usr/bin/gmake "cmTryCompileExec1875887836/fast"
/usr/bin/gmake -f CMakeFiles/cmTryCompileExec1875887836.dir/build.make CMakeFiles/cmTryCompileExec1875887836.dir/build
gmake[1]: Entering directory `/home/fatiao/src/github/libquark/tools/QEncrypt/3rdparty/googletest-release-1.6.0/build/CMakeFiles/CMakeTmp'
/usr/bin/cmake -E cmake_progress_report /home/fatiao/src/github/libquark/tools/QEncrypt/3rdparty/googletest-release-1.6.0/build/CMakeFiles/CMakeTmp/CMakeFiles 1
Building C object CMakeFiles/cmTryCompileExec1875887836.dir/CheckFunctionExists.c.o
/home/fatiao/bin/gcc-5.3/bin/gcc   -DCHECK_FUNCTION_EXISTS=pthread_create   -o CMakeFiles/cmTryCompileExec1875887836.dir/CheckFunctionExists.c.o   -c /usr/share/cmake/Modules/CheckFunctionExists.c
Linking C executable cmTryCompileExec1875887836
/usr/bin/cmake -E cmake_link_script CMakeFiles/cmTryCompileExec1875887836.dir/link.txt --verbose=1
/home/fatiao/bin/gcc-5.3/bin/gcc   -DCHECK_FUNCTION_EXISTS=pthread_create    CMakeFiles/cmTryCompileExec1875887836.dir/CheckFunctionExists.c.o  -o cmTryCompileExec1875887836 -rdynamic -lpthreads 
/usr/bin/ld: cannot find -lpthreads
collect2: error: ld returned 1 exit status
gmake[1]: Leaving directory `/home/fatiao/src/github/libquark/tools/QEncrypt/3rdparty/googletest-release-1.6.0/build/CMakeFiles/CMakeTmp'
gmake[1]: *** [cmTryCompileExec1875887836] Error 1
gmake: *** [cmTryCompileExec1875887836/fast] Error 2


